生成启动时间为 2018/6/17 14:58:45。
     1>项目“D:\DevSourceCode\list\test\test\test.vcxproj”在节点 2 上(Build 个目标)。
     1>ClCompile:
         D:\VC2012软件\VC\bin\CL.exe /c /ZI /nologo /W3 /WX- /Od /Oy- /D WIN32 /D _DEBUG /D _CONSOLE /D _UNICODE /D UNICODE /Gm /EHsc /RTC1 /MDd /GS /fp:precise /Zc:wchar_t /Zc:forScope /Fo"Debug\\" /Fd"Debug\vc110.pdb" /Gd /TP /analyze- /errorReport:prompt List.cpp demo.cpp
         demo.cpp
     1>d:\devsourcecode\list\test\test\list.h(11): error C2061: 语法错误: 标识符“Node”
     1>d:\devsourcecode\list\test\test\list.h(12): error C2061: 语法错误: 标识符“Node”
     1>d:\devsourcecode\list\test\test\list.h(13): error C2061: 语法错误: 标识符“Node”
     1>d:\devsourcecode\list\test\test\list.h(14): error C2061: 语法错误: 标识符“Node”
     1>d:\devsourcecode\list\test\test\list.h(16): error C2061: 语法错误: 标识符“Node”
     1>d:\devsourcecode\list\test\test\list.h(17): error C2061: 语法错误: 标识符“Node”
     1>d:\devsourcecode\list\test\test\list.h(18): error C2061: 语法错误: 标识符“Node”
     1>d:\devsourcecode\list\test\test\list.h(19): error C2061: 语法错误: 标识符“Node”
     1>d:\devsourcecode\list\test\test\demo.cpp(7): error C2440: “=”: 无法从“Node *”转换为“int *”
                 与指向的类型无关；转换要求 reinterpret_cast、C 样式转换或函数样式转换
     1>d:\devsourcecode\list\test\test\demo.cpp(8): error C2227: “->data”的左边必须指向类/结构/联合/泛型类型
                 类型是“int *”
     1>d:\devsourcecode\list\test\test\demo.cpp(9): error C2227: “->next”的左边必须指向类/结构/联合/泛型类型
                 类型是“int *”
     1>d:\devsourcecode\list\test\test\demo.cpp(29): error C2227: “->next”的左边必须指向类/结构/联合/泛型类型
                 类型是“int *”
     1>d:\devsourcecode\list\test\test\demo.cpp(36): error C2227: “->next”的左边必须指向类/结构/联合/泛型类型
                 类型是“int *”
     1>d:\devsourcecode\list\test\test\demo.cpp(39): error C2018: 未知字符“0x60”
     1>d:\devsourcecode\list\test\test\demo.cpp(39): error C2084: 函数“List::List(void)”已有主体
                 d:\devsourcecode\list\test\test\list.h(6) : 参见“{ctor}”的前一个定义
     1>d:\devsourcecode\list\test\test\demo.cpp(45): error C2511: “bool List::ListInsertHead(Node *)”:“List”中没有找到重载的成员函数
                 d:\devsourcecode\list\test\test\list.h(4) : 参见“List”的声明
     1>d:\devsourcecode\list\test\test\demo.cpp(58): error C2511: “bool List::ListInsertTail(Node *)”:“List”中没有找到重载的成员函数
                 d:\devsourcecode\list\test\test\list.h(4) : 参见“List”的声明
     1>d:\devsourcecode\list\test\test\demo.cpp(74): error C2511: “bool List::ListInsert(int,Node *)”:“List”中没有找到重载的成员函数
                 d:\devsourcecode\list\test\test\list.h(4) : 参见“List”的声明
     1>d:\devsourcecode\list\test\test\demo.cpp(93): error C2511: “bool List::ListDelete(int,Node *)”:“List”中没有找到重载的成员函数
                 d:\devsourcecode\list\test\test\list.h(4) : 参见“List”的声明
     1>d:\devsourcecode\list\test\test\demo.cpp(112): error C2511: “bool List::GetElem(int,Node *)”:“List”中没有找到重载的成员函数
                 d:\devsourcecode\list\test\test\list.h(4) : 参见“List”的声明
     1>d:\devsourcecode\list\test\test\demo.cpp(127): error C2511: “int List::LocateElem(Node *)”:“List”中没有找到重载的成员函数
                 d:\devsourcecode\list\test\test\list.h(4) : 参见“List”的声明
     1>d:\devsourcecode\list\test\test\demo.cpp(141): error C2511: “bool List::PriorElem(Node *,Node *)”:“List”中没有找到重载的成员函数
                 d:\devsourcecode\list\test\test\list.h(4) : 参见“List”的声明
     1>d:\devsourcecode\list\test\test\demo.cpp(161): error C2511: “bool List::NextElem(Node *,Node *)”:“List”中没有找到重载的成员函数
                 d:\devsourcecode\list\test\test\list.h(4) : 参见“List”的声明
     1>d:\devsourcecode\list\test\test\demo.cpp(179): error C2440: “初始化”: 无法从“int *”转换为“Node *”
                 与指向的类型无关；转换要求 reinterpret_cast、C 样式转换或函数样式转换
     1>d:\devsourcecode\list\test\test\demo.cpp(189): error C2228: “.data”的左边必须有类/结构/联合
     1>d:\devsourcecode\list\test\test\demo.cpp(190): error C2264: “List::List”: 函数定义或声明中有错误；未调用函数
     1>d:\devsourcecode\list\test\test\demo.cpp(191): error C2660: “List::ListInsertHead”: 函数不接受 1 个参数
         List.cpp
     1>d:\devsourcecode\list\test\test\list.h(11): error C2061: 语法错误: 标识符“Node”
     1>d:\devsourcecode\list\test\test\list.h(12): error C2061: 语法错误: 标识符“Node”
     1>d:\devsourcecode\list\test\test\list.h(13): error C2061: 语法错误: 标识符“Node”
     1>d:\devsourcecode\list\test\test\list.h(14): error C2061: 语法错误: 标识符“Node”
     1>d:\devsourcecode\list\test\test\list.h(16): error C2061: 语法错误: 标识符“Node”
     1>d:\devsourcecode\list\test\test\list.h(17): error C2061: 语法错误: 标识符“Node”
     1>d:\devsourcecode\list\test\test\list.h(18): error C2061: 语法错误: 标识符“Node”
     1>d:\devsourcecode\list\test\test\list.h(19): error C2061: 语法错误: 标识符“Node”
     1>d:\devsourcecode\list\test\test\list.cpp(6): error C2511: “List::List(int)”:“List”中没有找到重载的成员函数
                 d:\devsourcecode\list\test\test\list.h(4) : 参见“List”的声明
     1>d:\devsourcecode\list\test\test\list.cpp(31): error C2511: “bool List::GetElem(int,int *)”:“List”中没有找到重载的成员函数
                 d:\devsourcecode\list\test\test\list.h(4) : 参见“List”的声明
     1>d:\devsourcecode\list\test\test\list.cpp(39): error C2511: “int List::LocateElem(int *)”:“List”中没有找到重载的成员函数
                 d:\devsourcecode\list\test\test\list.h(4) : 参见“List”的声明
     1>d:\devsourcecode\list\test\test\list.cpp(48): error C2511: “bool List::PriorElem(int *,int *)”:“List”中没有找到重载的成员函数
                 d:\devsourcecode\list\test\test\list.h(4) : 参见“List”的声明
     1>d:\devsourcecode\list\test\test\list.cpp(65): error C2511: “bool List::NextElem(int *,int *)”:“List”中没有找到重载的成员函数
                 d:\devsourcecode\list\test\test\list.h(4) : 参见“List”的声明
     1>d:\devsourcecode\list\test\test\list.cpp(90): error C2511: “bool List::ListInsert(int,int *)”:“List”中没有找到重载的成员函数
                 d:\devsourcecode\list\test\test\list.h(4) : 参见“List”的声明
     1>d:\devsourcecode\list\test\test\list.cpp(103): error C2511: “bool List::ListDelete(int,int *)”:“List”中没有找到重载的成员函数
                 d:\devsourcecode\list\test\test\list.h(4) : 参见“List”的声明
     1>d:\devsourcecode\list\test\test\list.cpp(127): error C2664: “List::List(const List &)”: 不能将参数 1 从“int”转换为“const List &”
                 原因如下: 无法从“int”转换为“const List”
                 无构造函数可以接受源类型，或构造函数重载决策不明确
     1>d:\devsourcecode\list\test\test\list.cpp(131): error C2660: “List::ListInsert”: 函数不接受 2 个参数
     1>d:\devsourcecode\list\test\test\list.cpp(133): error C2660: “List::ListInsert”: 函数不接受 2 个参数
     1>d:\devsourcecode\list\test\test\list.cpp(134): error C2660: “List::ListInsert”: 函数不接受 2 个参数
     1>d:\devsourcecode\list\test\test\list.cpp(135): error C2660: “List::ListInsert”: 函数不接受 2 个参数
     1>d:\devsourcecode\list\test\test\list.cpp(136): error C2660: “List::ListInsert”: 函数不接受 2 个参数
     1>d:\devsourcecode\list\test\test\list.cpp(137): error C2660: “List::ListInsert”: 函数不接受 2 个参数
     1>d:\devsourcecode\list\test\test\list.cpp(138): error C2660: “List::ListInsert”: 函数不接受 2 个参数
     1>d:\devsourcecode\list\test\test\list.cpp(153): error C2660: “List::PriorElem”: 函数不接受 2 个参数
     1>d:\devsourcecode\list\test\test\list.cpp(155): error C2660: “List::NextElem”: 函数不接受 2 个参数
         正在生成代码...
     1>已完成生成项目“D:\DevSourceCode\list\test\test\test.vcxproj”(Build 个目标)的操作 - 失败。

生成失败。

已用时间 00:00:01.62
